Base path: C:/Program Files/Unity/Editor/Data
Pipe name: \\.\pipe\UnityShaderCompiler-64bit-4-7784
Cmd: getPlatforms
Cmd: compileSnippet
  api=0 type=1 insize=982 outsize=6 kw=DIRECTIONAL SHADOWS_SCREEN LIGHTMAP_OFF DIRLIGHTMAP_OFF DYNAMICLIGHTMAP_OFF ok=1
Cmd: compileSnippet
  api=0 type=0 insize=938 outsize=6154 kw=POINT_COOKIE SHADOWS_OFF ok=1
Cmd: compileSnippet
  api=0 type=0 insize=938 outsize=6414 kw=DIRECTIONAL_COOKIE SHADOWS_SCREEN ok=1
Cmd: compileSnippet
  api=0 type=0 insize=938 outsize=7131 kw=SPOT SHADOWS_DEPTH SHADOWS_SOFT SHADOWS_NATIVE ok=1
Cmd: compileSnippet
  api=0 type=0 insize=938 outsize=6392 kw=SPOT SHADOWS_OFF _ALPHATEST_ON ok=1
Cmd: compileSnippet
  api=0 type=0 insize=938 outsize=6334 kw=DIRECTIONAL SHADOWS_SCREEN _ALPHATEST_ON ok=1
Cmd: compileSnippet
  api=0 type=0 insize=938 outsize=7287 kw=SPOT SHADOWS_DEPTH SHADOWS_SOFT SHADOWS_NATIVE _ALPHATEST_ON ok=1
Cmd: compileSnippet
  api=0 type=0 insize=938 outsize=5765 kw=DIRECTIONAL SHADOWS_OFF _ALPHABLEND_ON ok=1
Cmd: compileSnippet
  api=0 type=0 insize=938 outsize=6035 kw=DIRECTIONAL_COOKIE SHADOWS_OFF _ALPHABLEND_ON ok=1
Cmd: compileSnippet
  api=0 type=0 insize=938 outsize=6917 kw=POINT SHADOWS_CUBE _ALPHABLEND_ON ok=1
Cmd: compileSnippet
  api=0 type=0 insize=938 outsize=7859 kw=POINT SHADOWS_CUBE SHADOWS_SOFT _ALPHABLEND_ON ok=1
Cmd: compileSnippet
  api=0 type=1 insize=938 outsize=6 kw=POINT_COOKIE SHADOWS_OFF ok=1
Cmd: compileSnippet
  api=0 type=1 insize=938 outsize=6 kw=DIRECTIONAL_COOKIE SHADOWS_SCREEN ok=1
Cmd: compileSnippet
  api=0 type=1 insize=938 outsize=6 kw=POINT SHADOWS_CUBE SHADOWS_SOFT ok=1
Cmd: compileSnippet
  api=0 type=1 insize=938 outsize=6 kw=DIRECTIONAL SHADOWS_OFF _ALPHATEST_ON ok=1
Cmd: compileSnippet
  api=0 type=1 insize=938 outsize=6 kw=DIRECTIONAL SHADOWS_SCREEN _ALPHATEST_ON ok=1
Cmd: compileSnippet
  api=0 type=1 insize=938 outsize=6 kw=POINT_COOKIE SHADOWS_CUBE _ALPHATEST_ON ok=1
Cmd: compileSnippet
  api=0 type=1 insize=938 outsize=6 kw=POINT_COOKIE SHADOWS_CUBE SHADOWS_SOFT _ALPHATEST_ON ok=1
Cmd: compileSnippet
  api=0 type=1 insize=938 outsize=6 kw=POINT_COOKIE SHADOWS_OFF _ALPHABLEND_ON ok=1
Cmd: compileSnippet
  api=0 type=1 insize=938 outsize=6 kw=DIRECTIONAL SHADOWS_SCREEN _ALPHABLEND_ON ok=1
Cmd: compileSnippet
  api=0 type=1 insize=938 outsize=6 kw=SPOT SHADOWS_DEPTH SHADOWS_SOFT SHADOWS_NATIVE _ALPHABLEND_ON ok=1
Cmd: compileSnippet
  api=0 type=0 insize=751 outsize=474 kw=SHADOWS_CUBE ok=1
Cmd: compileSnippet
  api=0 type=1 insize=751 outsize=6 kw=SHADOWS_DEPTH _ALPHATEST_ON ok=1
Cmd: compileSnippet
  api=0 type=1 insize=751 outsize=6 kw=SHADOWS_DEPTH _ALPHABLEND_ON ok=1
Cmd: compileSnippet
  api=0 type=0 insize=1152 outsize=8326 kw=LIGHTMAP_OFF DIRLIGHTMAP_OFF DYNAMICLIGHTMAP_OFF UNITY_HDR_ON ok=1
Cmd: compileSnippet
  api=0 type=1 insize=1152 outsize=6 kw=LIGHTMAP_OFF DIRLIGHTMAP_OFF DYNAMICLIGHTMAP_OFF _ALPHATEST_ON ok=1
Cmd: compileSnippet
  api=0 type=0 insize=886 outsize=5529 kw=DIRECTIONAL SHADOWS_SCREEN LIGHTMAP_OFF DIRLIGHTMAP_OFF DYNAMICLIGHTMAP_OFF ok=1
Cmd: compileSnippet
  api=0 type=0 insize=886 outsize=5683 kw=DIRECTIONAL SHADOWS_SCREEN LIGHTMAP_OFF DIRLIGHTMAP_OFF DYNAMICLIGHTMAP_OFF _ALPHATEST_ON ok=1
Cmd: compileSnippet
  api=0 type=0 insize=886 outsize=5150 kw=DIRECTIONAL SHADOWS_OFF LIGHTMAP_OFF DIRLIGHTMAP_OFF DYNAMICLIGHTMAP_OFF _ALPHABLEND_ON ok=1
Cmd: compileSnippet
  api=0 type=1 insize=886 outsize=6 kw=DIRECTIONAL SHADOWS_SCREEN LIGHTMAP_OFF DIRLIGHTMAP_OFF DYNAMICLIGHTMAP_OFF ok=1
Cmd: compileSnippet
  api=0 type=1 insize=886 outsize=6 kw=DIRECTIONAL SHADOWS_SCREEN LIGHTMAP_OFF DIRLIGHTMAP_OFF DYNAMICLIGHTMAP_OFF _ALPHABLEND_ON ok=1
Cmd: compileSnippet
  api=0 type=0 insize=816 outsize=4872 kw=POINT_COOKIE SHADOWS_OFF ok=1
Cmd: compileSnippet
  api=0 type=0 insize=816 outsize=4934 kw=DIRECTIONAL SHADOWS_SCREEN ok=1
Cmd: compileSnippet
  api=0 type=0 insize=816 outsize=4934 kw=POINT SHADOWS_OFF _ALPHATEST_ON ok=1
Cmd: compileSnippet
  api=0 type=0 insize=816 outsize=5022 kw=POINT_COOKIE SHADOWS_OFF _ALPHATEST_ON ok=1
Cmd: compileSnippet
  api=0 type=0 insize=816 outsize=5689 kw=POINT SHADOWS_CUBE _ALPHATEST_ON ok=1
Cmd: compileSnippet
  api=0 type=0 insize=816 outsize=4986 kw=SPOT SHADOWS_OFF _ALPHABLEND_ON ok=1
Cmd: compileSnippet
  api=0 type=0 insize=816 outsize=4982 kw=DIRECTIONAL SHADOWS_SCREEN _ALPHABLEND_ON ok=1
Cmd: compileSnippet
  api=0 type=0 insize=816 outsize=5762 kw=POINT_COOKIE SHADOWS_CUBE _ALPHABLEND_ON ok=1
Cmd: compileSnippet
  api=0 type=1 insize=816 outsize=6 kw=SPOT SHADOWS_OFF ok=1
Cmd: compileSnippet
  api=0 type=1 insize=816 outsize=6 kw=SPOT SHADOWS_DEPTH SHADOWS_NATIVE ok=1
Cmd: compileSnippet
  api=0 type=1 insize=816 outsize=6 kw=POINT_COOKIE SHADOWS_CUBE ok=1
Cmd: compileSnippet
  api=0 type=1 insize=816 outsize=6 kw=SPOT SHADOWS_OFF _ALPHATEST_ON ok=1
Cmd: compileSnippet
  api=0 type=1 insize=816 outsize=6 kw=DIRECTIONAL_COOKIE SHADOWS_SCREEN _ALPHATEST_ON ok=1
Cmd: compileSnippet
  api=0 type=1 insize=816 outsize=6 kw=SPOT SHADOWS_OFF _ALPHABLEND_ON ok=1
Cmd: compileSnippet
  api=0 type=1 insize=816 outsize=6 kw=DIRECTIONAL SHADOWS_SCREEN _ALPHABLEND_ON ok=1
Cmd: compileSnippet
  api=0 type=0 insize=600 outsize=1880 kw=SHADOWS_DEPTH ok=1
Cmd: compileSnippet
  api=0 type=1 insize=600 outsize=6 kw=SHADOWS_DEPTH _ALPHATEST_ON ok=1
Cmd: compileSnippet
  api=0 type=0 insize=14306 outsize=3350 kw=DIRECTIONAL SHADOWS_OFF LIGHTMAP_OFF DIRLIGHTMAP_OFF DYNAMICLIGHTMAP_OFF VERTEXLIGHT_ON ok=1
Cmd: compileSnippet
  api=0 type=0 insize=14306 outsize=3596 kw=DIRECTIONAL SHADOWS_OFF LIGHTMAP_OFF DIRLIGHTMAP_OFF DYNAMICLIGHTMAP_OFF VERTEXLIGHT_ON PIXELSNAP_ON ok=1
Cmd: compileSnippet
  api=0 type=1 insize=14306 outsize=6 kw=DIRECTIONAL SHADOWS_SCREEN LIGHTMAP_OFF DIRLIGHTMAP_OFF DYNAMICLIGHTMAP_OFF ok=1
Cmd: compileSnippet
  api=0 type=0 insize=7914 outsize=1959 kw=POINT_COOKIE ok=1
Cmd: compileSnippet
  api=0 type=0 insize=7914 outsize=1781 kw=DIRECTIONAL PIXELSNAP_ON ok=1
Cmd: compileSnippet
  api=0 type=1 insize=7914 outsize=6 kw=POINT_COOKIE ok=1
Cmd: compileSnippet
  api=0 type=1 insize=7914 outsize=6 kw=SPOT PIXELSNAP_ON ok=1
Cmd: compileSnippet
  api=0 type=0 insize=6672 outsize=1289 kw=PIXELSNAP_ON ok=1
Cmd: compileSnippet
  api=0 type=0 insize=12590 outsize=2780 kw=LIGHTMAP_OFF DIRLIGHTMAP_OFF DYNAMICLIGHTMAP_OFF UNITY_HDR_ON ok=1
Cmd: compileSnippet
  api=0 type=1 insize=12590 outsize=6 kw=LIGHTMAP_OFF DIRLIGHTMAP_OFF DYNAMICLIGHTMAP_OFF UNITY_HDR_ON ok=1
Cmd: compileSnippet
  api=0 type=0 insize=12780 outsize=2595 kw=LIGHTMAP_OFF DIRLIGHTMAP_OFF DYNAMICLIGHTMAP_OFF UNITY_HDR_ON ok=1
Cmd: compileSnippet
  api=0 type=1 insize=12780 outsize=6 kw=LIGHTMAP_OFF DIRLIGHTMAP_OFF DYNAMICLIGHTMAP_OFF PIXELSNAP_ON HDR_LIGHT_PREPASS_OFF ok=1
Cmd: compileSnippet
  api=0 type=0 insize=6810 outsize=2758 kw=DIRECTIONAL SHADOWS_SCREEN LIGHTMAP_OFF DIRLIGHTMAP_OFF DYNAMICLIGHTMAP_OFF ok=1
Cmd: compileSnippet
  api=0 type=0 insize=3647 outsize=1946 kw=SPOT ok=1
Cmd: compileSnippet
  api=0 type=1 insize=3647 outsize=6 kw=DIRECTIONAL ok=1
Cmd: compileSnippet
  api=0 type=0 insize=1275 outsize=2950 kw=POINT_COOKIE SHADOWS_OFF ok=1
Cmd: compileSnippet
  api=0 type=0 insize=1275 outsize=3549 kw=SPOT SHADOWS_DEPTH SHADOWS_NATIVE ok=1
Cmd: compileSnippet
  api=0 type=0 insize=1275 outsize=4212 kw=POINT SHADOWS_CUBE SHADOWS_SOFT ok=1
Cmd: compileSnippet
  api=0 type=1 insize=1275 outsize=6 kw=POINT_COOKIE SHADOWS_OFF ok=1
Cmd: compileSnippet
  api=0 type=1 insize=1275 outsize=6 kw=SPOT SHADOWS_DEPTH SHADOWS_NATIVE ok=1
Cmd: compileSnippet
  api=0 type=1 insize=1275 outsize=6 kw=POINT SHADOWS_CUBE ok=1
Cmd: compileSnippet
  api=0 type=1 insize=1275 outsize=6 kw=POINT_COOKIE SHADOWS_CUBE SHADOWS_SOFT ok=1
Cmd: compileSnippet
  api=0 type=0 insize=1268 outsize=3016 kw=SPOT SHADOWS_OFF ok=1
Cmd: compileSnippet
  api=0 type=0 insize=1268 outsize=2815 kw=DIRECTIONAL SHADOWS_SCREEN ok=1
Cmd: compileSnippet
  api=0 type=0 insize=1268 outsize=4117 kw=SPOT SHADOWS_DEPTH SHADOWS_SOFT SHADOWS_NATIVE ok=1
Cmd: compileSnippet
  api=0 type=1 insize=1268 outsize=6 kw=POINT_COOKIE SHADOWS_OFF ok=1
Cmd: compileSnippet
  api=0 type=1 insize=1268 outsize=6 kw=DIRECTIONAL_COOKIE SHADOWS_SCREEN ok=1
Cmd: compileSnippet
  api=0 type=1 insize=1268 outsize=6 kw=POINT SHADOWS_CUBE SHADOWS_SOFT ok=1
Cmd: compileSnippet
  api=0 type=0 insize=1273 outsize=2500 kw=DIRECTIONAL SHADOWS_OFF ok=1
Cmd: compileSnippet
  api=0 type=0 insize=1273 outsize=2820 kw=DIRECTIONAL SHADOWS_SCREEN ok=1
Cmd: compileSnippet
  api=0 type=0 insize=1273 outsize=3281 kw=POINT SHADOWS_CUBE ok=1
Cmd: compileSnippet
  api=0 type=1 insize=1273 outsize=6 kw=DIRECTIONAL SHADOWS_OFF ok=1
Cmd: compileSnippet
  api=0 type=1 insize=1273 outsize=6 kw=DIRECTIONAL_COOKIE SHADOWS_OFF ok=1
Cmd: compileSnippet
  api=0 type=1 insize=1273 outsize=6 kw=POINT SHADOWS_CUBE ok=1
Cmd: compileSnippet
  api=0 type=1 insize=1273 outsize=6 kw=POINT_COOKIE SHADOWS_CUBE SHADOWS_SOFT ok=1
Cmd: compileSnippet
  api=0 type=0 insize=1934 outsize=4040 kw=SPOT SHADOWS_OFF ok=1
Cmd: compileSnippet
  api=0 type=0 insize=1934 outsize=4204 kw=DIRECTIONAL_COOKIE SHADOWS_SCREEN ok=1
Cmd: compileSnippet
  api=0 type=0 insize=1934 outsize=5358 kw=SPOT SHADOWS_DEPTH SHADOWS_SOFT SHADOWS_NATIVE ok=1
Cmd: compileSnippet
  api=0 type=0 insize=1934 outsize=4031 kw=SPOT SHADOWS_OFF UNITY_HDR_ON ok=1
Cmd: compileSnippet
  api=0 type=0 insize=1934 outsize=4772 kw=SPOT SHADOWS_DEPTH SHADOWS_NATIVE UNITY_HDR_ON ok=1
Cmd: compileSnippet
  api=0 type=0 insize=1934 outsize=4498 kw=POINT_COOKIE SHADOWS_CUBE UNITY_HDR_ON ok=1
Cmd: compileSnippet
  api=0 type=1 insize=1934 outsize=6 kw=DIRECTIONAL SHADOWS_OFF ok=1
Cmd: compileSnippet
  api=0 type=1 insize=1934 outsize=6 kw=DIRECTIONAL SHADOWS_SCREEN ok=1
Cmd: compileSnippet
  api=0 type=1 insize=1934 outsize=6 kw=SPOT SHADOWS_DEPTH SHADOWS_SOFT SHADOWS_NATIVE ok=1
Cmd: compileSnippet
  api=0 type=1 insize=1934 outsize=6 kw=DIRECTIONAL SHADOWS_OFF UNITY_HDR_ON ok=1
Cmd: compileSnippet
  api=0 type=1 insize=1934 outsize=6 kw=SPOT SHADOWS_DEPTH SHADOWS_NATIVE UNITY_HDR_ON ok=1
Cmd: compileSnippet
  api=0 type=1 insize=1934 outsize=6 kw=POINT_COOKIE SHADOWS_CUBE UNITY_HDR_ON ok=1
Unhandled exception: Readfile from pipe failed. GLE=The pipe has been ended.


Quitting shader compiler process

Crashed!
